<?xml version="1.0" encoding="UTF-8"?>
<testsuite name="org.acme.OwnerResourceTest" tests="9" skipped="0" failures="0" errors="0" timestamp="2025-05-13T09:09:08" hostname="LAPTOP-VHEHS782" time="3.718">
  <properties/>
  <testcase name="testGetAllOwners()" classname="org.acme.OwnerResourceTest" time="2.976"/>
  <testcase name="testAddOwner()" classname="org.acme.OwnerResourceTest" time="0.438"/>
  <testcase name="testUpdateOwner()" classname="org.acme.OwnerResourceTest" time="0.049"/>
  <testcase name="testGetOwnerById()" classname="org.acme.OwnerResourceTest" time="0.042"/>
  <testcase name="testGetOwnerByAge()" classname="org.acme.OwnerResourceTest" time="0.046"/>
  <testcase name="testGetOwnerByName()" classname="org.acme.OwnerResourceTest" time="0.051"/>
  <testcase name="testGetOwnerByGender()" classname="org.acme.OwnerResourceTest" time="0.041"/>
  <testcase name="testGetOwnerByPetID()" classname="org.acme.OwnerResourceTest" time="0.042"/>
  <testcase name="testDeleteOwner()" classname="org.acme.OwnerResourceTest" time="0.018"/>
  <system-out><![CDATA[]]></system-out>
  <system-err><![CDATA[May 13, 2025 4:09:04 PM org.jboss.threads.Version <clinit>
INFO: JBoss Threads version 3.1.1.Final
May 13, 2025 4:09:07 PM org.jboss.resteasy.core.ResteasyDeploymentImpl processApplication
INFO: RESTEASY002225: Deploying javax.ws.rs.core.Application: class com.example.petstore.PetstoreRestApplication
May 13, 2025 4:09:07 PM org.jboss.threads.Version <clinit>
INFO: JBoss Threads version 3.1.1.Final
May 13, 2025 4:09:08 PM io.quarkus.bootstrap.runner.Timing printStartupTime
INFO: Quarkus 1.7.6.Final on JVM started in 4.376s. Listening on: http://0.0.0.0:8081
May 13, 2025 4:09:08 PM io.quarkus.bootstrap.runner.Timing printStartupTime
INFO: Profile test activated. 
May 13, 2025 4:09:08 PM io.quarkus.bootstrap.runner.Timing printStartupTime
INFO: Installed features: [cdi, jaeger, mutiny, rest-client, resteasy, resteasy-jsonb, security, smallrye-context-propagation, smallrye-fault-tolerance, smallrye-health, smallrye-jwt, smallrye-metrics, smallrye-openapi, smallrye-opentracing, swagger-ui, vertx, vertx-web]
]]></system-err>
</testsuite>
