<?xml version="1.0" encoding="UTF-8"?>
<testsuite name="org.acme.PetTypeResourceTest" tests="4" skipped="0" failures="0" errors="0" timestamp="2025-05-13T09:09:11" hostname="LAPTOP-VHEHS782" time="0.143">
  <properties/>
  <testcase name="testAddPetTypeEndpoint()" classname="org.acme.PetTypeResourceTest" time="0.039"/>
  <testcase name="testPetTypeEndpoint()" classname="org.acme.PetTypeResourceTest" time="0.026"/>
  <testcase name="testDeletePetTypeEndpoint()" classname="org.acme.PetTypeResourceTest" time="0.051"/>
  <testcase name="testUpdatePetTypeEndpoint()" classname="org.acme.PetTypeResourceTest" time="0.023"/>
  <system-out><![CDATA[]]></system-out>
  <system-err><![CDATA[]]></system-err>
</testsuite>
