<?xml version="1.0" encoding="UTF-8"?>
<testsuite name="org.acme.PetTypeResourceTest" tests="4" skipped="0" failures="0" errors="0" timestamp="2025-05-14T03:07:23" hostname="LAPTOP-VHEHS782" time="0.068">
  <properties/>
  <testcase name="testAddPetTypeEndpoint()" classname="org.acme.PetTypeResourceTest" time="0.016"/>
  <testcase name="testPetTypeEndpoint()" classname="org.acme.PetTypeResourceTest" time="0.03"/>
  <testcase name="testDeletePetTypeEndpoint()" classname="org.acme.PetTypeResourceTest" time="0.007"/>
  <testcase name="testUpdatePetTypeEndpoint()" classname="org.acme.PetTypeResourceTest" time="0.012"/>
  <system-out><![CDATA[]]></system-out>
  <system-err><![CDATA[]]></system-err>
</testsuite>
