<?xml version="1.0" encoding="UTF-8"?>
<testsuite name="org.acme.OwnerResourceTest" tests="11" skipped="0" failures="0" errors="0" timestamp="2025-05-14T03:07:20" hostname="LAPTOP-VHEHS782" time="2.197">
  <properties/>
  <testcase name="testGetAllOwners()" classname="org.acme.OwnerResourceTest" time="1.806"/>
  <testcase name="testAddOwner()" classname="org.acme.OwnerResourceTest" time="0.191"/>
  <testcase name="testUpdateOwner()" classname="org.acme.OwnerResourceTest" time="0.041"/>
  <testcase name="testGetOwnerByIdNotFound()" classname="org.acme.OwnerResourceTest" time="0.013"/>
  <testcase name="testGetOwnerById()" classname="org.acme.OwnerResourceTest" time="0.025"/>
  <testcase name="testGetOwnerByAge()" classname="org.acme.OwnerResourceTest" time="0.024"/>
  <testcase name="testGetOwnerByName()" classname="org.acme.OwnerResourceTest" time="0.021"/>
  <testcase name="testGetOwnerByGender()" classname="org.acme.OwnerResourceTest" time="0.024"/>
  <testcase name="testGetOwnerByPetID()" classname="org.acme.OwnerResourceTest" time="0.023"/>
  <testcase name="testDeleteOwner()" classname="org.acme.OwnerResourceTest" time="0.01"/>
  <testcase name="testDeleteOwnerNotFound()" classname="org.acme.OwnerResourceTest" time="0.009"/>
  <system-out><![CDATA[]]></system-out>
  <system-err><![CDATA[May 14, 2025 10:07:17 AM org.jboss.threads.Version <clinit>
INFO: JBoss Threads version 3.1.1.Final
May 14, 2025 10:07:20 AM org.jboss.resteasy.core.ResteasyDeploymentImpl processApplication
INFO: RESTEASY002225: Deploying javax.ws.rs.core.Application: class com.example.petstore.PetstoreRestApplication
May 14, 2025 10:07:20 AM org.jboss.threads.Version <clinit>
INFO: JBoss Threads version 3.1.1.Final
May 14, 2025 10:07:20 AM io.quarkus.bootstrap.runner.Timing printStartupTime
INFO: Quarkus 1.7.6.Final on JVM started in 3.473s. Listening on: http://0.0.0.0:8081
May 14, 2025 10:07:20 AM io.quarkus.bootstrap.runner.Timing printStartupTime
INFO: Profile test activated. 
May 14, 2025 10:07:20 AM io.quarkus.bootstrap.runner.Timing printStartupTime
INFO: Installed features: [cdi, jaeger, mutiny, rest-client, resteasy, resteasy-jsonb, security, smallrye-context-propagation, smallrye-fault-tolerance, smallrye-health, smallrye-jwt, smallrye-metrics, smallrye-openapi, smallrye-opentracing, swagger-ui, vertx, vertx-web]
]]></system-err>
</testsuite>
