<?xml version="1.0" encoding="UTF-8"?>
<testsuite name="org.acme.PetResourceTest" tests="7" skipped="0" failures="0" errors="0" timestamp="2025-05-14T03:07:23" hostname="LAPTOP-VHEHS782" time="0.361">
  <properties/>
  <testcase name="testNegIdPetEndpoint()" classname="org.acme.PetResourceTest" time="0.015"/>
  <testcase name="testDeletePetEndpoint()" classname="org.acme.PetResourceTest" time="0.024"/>
  <testcase name="testExactPetEndpoint()" classname="org.acme.PetResourceTest" time="0.084"/>
  <testcase name="testJoeyEndpoint()" classname="org.acme.PetResourceTest" time="0.057"/>
  <testcase name="testPetEndpoint()" classname="org.acme.PetResourceTest" time="0.099"/>
  <testcase name="testAddPetEndpoint()" classname="org.acme.PetResourceTest" time="0.056"/>
  <testcase name="testUpdatePetEndpoint()" classname="org.acme.PetResourceTest" time="0.016"/>
  <system-out><![CDATA[]]></system-out>
  <system-err><![CDATA[]]></system-err>
</testsuite>
